<?xml version="1.0" encoding="UTF-8"?>
<!-- Generated by org.testng.reporters.JUnitReportReporter -->
<testsuite skipped="0" hostname="KDC1B-D-D0TJX52" name="com.BSC.framework.EUPotentialApprovalMatrix" tests="5" failures="0" timestamp="2019-04-05T14:45:37 IST" time="319.960" errors="0">
  <testcase name="searchPotentialsAndApprove" time="84.696" classname="com.BSC.framework.EUPotentialApprovalMatrix"/>
  <testcase name="loginSalesforce" time="68.911" classname="com.BSC.framework.EUPotentialApprovalMatrix"/>
  <testcase name="logOutAndLoginAsAdmin" time="50.390" classname="com.BSC.framework.EUPotentialApprovalMatrix"/>
  <testcase name="searchAndSelect" time="53.703" classname="com.BSC.framework.EUPotentialApprovalMatrix"/>
  <testcase name="switchAndClickPotential" time="62.260" classname="com.BSC.framework.EUPotentialApprovalMatrix"/>
</testsuite> <!-- com.BSC.framework.EUPotentialApprovalMatrix -->
