<?xml version="1.0" encoding="UTF-8"?>
<!-- Generated by org.testng.reporters.JUnitReportReporter -->
<testsuite skipped="0" hostname="KDC1B-D-D0TJX52" name="com.BSC.framework.VFPages" tests="3" failures="0" timestamp="2019-04-24T18:30:59 IST" time="110.202" errors="0">
  <testcase name="searchAndSelect" time="46.817" classname="com.BSC.framework.VFPages"/>
  <testcase name="selectAndValidateAcctPerformance" time="13.097" classname="com.BSC.framework.VFPages"/>
  <testcase name="loginSalesforce" time="50.288" classname="com.BSC.framework.VFPages"/>
</testsuite> <!-- com.BSC.framework.VFPages -->
